[2021-10-20 21:02:55] [ INFO ] [Reservar:26] El usuario ha entrado en el sistemas
[2021-10-20 21:03:04] [ INFO ] [Reservar:35] El usuario ha elegido la primera opcion
[2021-10-20 21:17:04] [ INFO ] [Vagon:30] El usuario quiere ver la disposicion de los asientos
[2021-10-20 21:17:04] [ INFO ] [Vagon:30] El usuario quiere ver la disposicion de los asientos
[2021-10-20 21:17:04] [ INFO ] [Reservar:26] El usuario ha entrado en el sistemas
[2021-10-20 21:17:05] [ INFO ] [Reservar:36] El usuario ha elegido la primera opcion
[2021-10-20 21:17:07] [ INFO ] [Reservar:49] El usuario quiere un asiento aleatorio
[2021-10-20 21:17:07] [ INFO ] [Vagon:30] El usuario quiere ver la disposicion de los asientos
[2021-10-20 21:17:07] [ INFO ] [Vagon:30] El usuario quiere ver la disposicion de los asientos
[2021-10-20 21:17:14] [ INFO ] [Reservar:57] El usario desea volver atrás
[2021-10-20 21:17:14] [ INFO ] [Vagon:30] El usuario quiere ver la disposicion de los asientos
[2021-10-20 21:17:14] [ INFO ] [Vagon:30] El usuario quiere ver la disposicion de los asientos
[2021-10-20 21:17:16] [ INFO ] [Reservar:100] El usuario quiere salir de la aplicacion
[2021-10-20 21:18:32] [ INFO ] [Vagon:30] El usuario quiere ver la disposicion de los asientos
[2021-10-20 21:18:32] [ INFO ] [Vagon:30] El usuario quiere ver la disposicion de los asientos
[2021-10-20 21:18:32] [ INFO ] [Reservar:26] El usuario ha entrado en el sistemas
[2021-10-20 21:19:24] [ INFO ] [Vagon:30] El usuario quiere ver la disposicion de los asientos
[2021-10-20 21:19:24] [ INFO ] [Vagon:30] El usuario quiere ver la disposicion de los asientos
[2021-10-20 21:19:24] [ INFO ] [Reservar:26] El usuario ha entrado en el sistemas
[2021-10-20 21:20:02] [ INFO ] [Vagon:30] El usuario quiere ver la disposicion de los asientos
[2021-10-20 21:20:02] [ INFO ] [Vagon:30] El usuario quiere ver la disposicion de los asientos
[2021-10-20 21:20:02] [ INFO ] [Reservar:26] El usuario ha entrado en el sistemas
[2021-10-20 21:20:06] [ ERROR] [Reservar:113] El usuario ha introducido un comando no numérico
[2021-10-20 21:23:41] [ INFO ] [Vagon:30] El usuario quiere ver la disposicion de los asientos
[2021-10-20 21:23:41] [ INFO ] [Vagon:30] El usuario quiere ver la disposicion de los asientos
[2021-10-20 21:23:41] [ INFO ] [Reservar:26] El usuario ha entrado en el sistemas
[2021-10-20 21:23:44] [ INFO ] [Reservar:39] El usuario ha elegido la primera opcion
[2021-10-20 21:23:49] [ INFO ] [Reservar:54] El usuario quiere un asiento aleatorio
[2021-10-20 21:23:49] [ INFO ] [Vagon:30] El usuario quiere ver la disposicion de los asientos
[2021-10-20 21:23:49] [ INFO ] [Vagon:30] El usuario quiere ver la disposicion de los asientos
[2021-10-20 21:23:52] [ INFO ] [Reservar:62] El usario desea volver atrás
[2021-10-20 21:23:52] [ INFO ] [Vagon:30] El usuario quiere ver la disposicion de los asientos
[2021-10-20 21:23:52] [ INFO ] [Vagon:30] El usuario quiere ver la disposicion de los asientos
[2021-10-20 21:23:54] [ ERROR] [Reservar:116] El usuario ha introducido un comando no numérico
